    OpenRGB v0.9
    Commit:  from 
    Launched: 20241007_194342
====================================================================================================

0     |Info:    Found file: default.orp attempting to validate header
0     |Info:    Valid v4 profile found for default
1001  |Info:    ------------------------------------------------------
1001  |Info:    |               Start device detection               |
1001  |Info:    ------------------------------------------------------
1001  |Info:    Initializing HID interfaces: Success
1006  |Info:    ------------------------------------------------------
1006  |Info:    |             Detecting I2C interfaces               |
1006  |Info:    ------------------------------------------------------
1006  |Info:    Registering I2C interface: /dev/i2c-3 Device 10DE:2786 Subsystem: 1462:5137
1006  |Info:    Registering I2C interface: /dev/i2c-1 Device 10DE:2786 Subsystem: 1462:5137
1006  |Info:    Registering I2C interface: /dev/i2c-8 Device 1022:790B Subsystem: 1043:8877
1006  |Info:    Registering I2C interface: /dev/i2c-6 Device 1022:790B Subsystem: 1043:8877
1006  |Info:    Registering I2C interface: /dev/i2c-4 Device 10DE:2786 Subsystem: 1462:5137
1006  |Info:    Registering I2C interface: /dev/i2c-2 Device 10DE:2786 Subsystem: 1462:5137
1007  |Info:    Registering I2C interface: /dev/i2c-0 Device 0000:0000 Subsystem: 0000:0000
1007  |Info:    Registering I2C interface: /dev/i2c-7 Device 1022:790B Subsystem: 1043:8877
1007  |Info:    Registering I2C interface: /dev/i2c-5 Device 10DE:2786 Subsystem: 1462:5137
1007  |Info:    ------------------------------------------------------
1007  |Info:    |               Detecting I2C devices                |
1007  |Info:    ------------------------------------------------------
2033  |Info:    ------------------------------------------------------
2033  |Info:    |               Detecting I2C PCI devices            |
2033  |Info:    ------------------------------------------------------
2034  |Info:    ------------------------------------------------------
2034  |Info:    |               Detecting HID devices                |
2034  |Info:    ------------------------------------------------------
2121  |Info:    [ASUS TUF GAMING B650-PLUS WIFI] Registering RGB controller
2148  |Info:    [Glorious Model O / O-] Registering RGB controller
2148  |Info:    ------------------------------------------------------
2148  |Info:    |            Detecting libusb HID devices            |
2148  |Info:    ------------------------------------------------------
4120  |Info:    ------------------------------------------------------
4120  |Info:    |              Detecting other devices               |
4120  |Info:    ------------------------------------------------------
4127  |Info:    ------------------------------------------------------
4127  |Info:    |                Detection completed                 |
4127  |Info:    ------------------------------------------------------
