    OpenRGB v0.9
    Commit:  from 
    Launched: 20240510_135816
====================================================================================================

0     |Info:    Found file: default.orp attempting to validate header
0     |Info:    Valid v4 profile found for default
1013  |Info:    ------------------------------------------------------
1013  |Info:    |               Start device detection               |
1013  |Info:    ------------------------------------------------------
1013  |Info:    Initializing HID interfaces: Success
1018  |Info:    ------------------------------------------------------
1018  |Info:    |             Detecting I2C interfaces               |
1018  |Info:    ------------------------------------------------------
1018  |Info:    Registering I2C interface: /dev/i2c-3 Device 1022:790B Subsystem: 1043:8877
1018  |Info:    Registering I2C interface: /dev/i2c-1 Device 1022:790B Subsystem: 1043:8877
1018  |Info:    Registering I2C interface: /dev/i2c-8 Device 10DE:2786 Subsystem: 1462:5137
1018  |Info:    Registering I2C interface: /dev/i2c-6 Device 10DE:2786 Subsystem: 1462:5137
1018  |Info:    Registering I2C interface: /dev/i2c-4 Device 10DE:2786 Subsystem: 1462:5137
1018  |Info:    Registering I2C interface: /dev/i2c-2 Device 1022:790B Subsystem: 1043:8877
1018  |Info:    Registering I2C interface: /dev/i2c-0 Device 0000:0000 Subsystem: 0000:0000
1018  |Info:    Registering I2C interface: /dev/i2c-7 Device 10DE:2786 Subsystem: 1462:5137
1018  |Info:    Registering I2C interface: /dev/i2c-5 Device 10DE:2786 Subsystem: 1462:5137
1018  |Info:    ------------------------------------------------------
1018  |Info:    |               Detecting I2C devices                |
1018  |Info:    ------------------------------------------------------
2053  |Info:    ------------------------------------------------------
2054  |Info:    |               Detecting I2C PCI devices            |
2054  |Info:    ------------------------------------------------------
2054  |Info:    ------------------------------------------------------
2054  |Info:    |               Detecting HID devices                |
2054  |Info:    ------------------------------------------------------
2137  |Info:    [ASUS TUF GAMING B650-PLUS WIFI] Registering RGB controller
2195  |Info:    [ASUS TUF Gaming K3] Registering RGB controller
2206  |Info:    [Glorious Model O / O-] Registering RGB controller
2206  |Info:    ------------------------------------------------------
2206  |Info:    |            Detecting libusb HID devices            |
2206  |Info:    ------------------------------------------------------
2345  |Info:    ------------------------------------------------------
2345  |Info:    |              Detecting other devices               |
2345  |Info:    ------------------------------------------------------
2360  |Info:    ------------------------------------------------------
2360  |Info:    |                Detection completed                 |
2360  |Info:    ------------------------------------------------------
6545  |Info:    Profile loading: Succeeded for ASUS TUF GAMING B650-PLUS WIFI @ HID: /dev/hidraw3
6545  |Info:    Profile loading: Succeeded for ASUS TUF Gaming K3 @ HID: /dev/hidraw1
6545  |Info:    Profile loading: Succeeded for Glorious Model O / O- @ HID: /dev/hidraw7
42760 |Info:    Profile loading: Succeeded for ASUS TUF GAMING B650-PLUS WIFI @ HID: /dev/hidraw3
42760 |Info:    Profile loading: Succeeded for ASUS TUF Gaming K3 @ HID: /dev/hidraw1
42760 |Info:    Profile loading: Succeeded for Glorious Model O / O- @ HID: /dev/hidraw7
