    OpenRGB v0.9
    Commit:  from 
    Launched: 20240503_022703
====================================================================================================

1012  |Info:    Saving detector settings
1013  |Info:    ------------------------------------------------------
1013  |Info:    |               Start device detection               |
1013  |Info:    ------------------------------------------------------
1013  |Info:    Initializing HID interfaces: Success
1018  |Info:    ------------------------------------------------------
1018  |Info:    |             Detecting I2C interfaces               |
1018  |Info:    ------------------------------------------------------
1018  |Info:    Registering I2C interface: /dev/i2c-3 Device 1022:790B Subsystem: 1043:8877
1018  |Info:    Registering I2C interface: /dev/i2c-1 Device 1022:790B Subsystem: 1043:8877
1018  |Info:    Registering I2C interface: /dev/i2c-8 Device 10DE:2786 Subsystem: 1462:5137
1018  |Info:    Registering I2C interface: /dev/i2c-6 Device 10DE:2786 Subsystem: 1462:5137
1018  |Info:    Registering I2C interface: /dev/i2c-4 Device 10DE:2786 Subsystem: 1462:5137
1018  |Info:    Registering I2C interface: /dev/i2c-2 Device 1022:790B Subsystem: 1043:8877
1018  |Info:    Registering I2C interface: /dev/i2c-0 Device 0000:0000 Subsystem: 0000:0000
1019  |Info:    Registering I2C interface: /dev/i2c-7 Device 10DE:2786 Subsystem: 1462:5137
1019  |Info:    Registering I2C interface: /dev/i2c-5 Device 10DE:2786 Subsystem: 1462:5137
1019  |Info:    ------------------------------------------------------
1019  |Info:    |               Detecting I2C devices                |
1019  |Info:    ------------------------------------------------------
2055  |Info:    ------------------------------------------------------
2055  |Info:    |               Detecting I2C PCI devices            |
2055  |Info:    ------------------------------------------------------
2056  |Info:    ------------------------------------------------------
2056  |Info:    |               Detecting HID devices                |
2056  |Info:    ------------------------------------------------------
2137  |Info:    [ASUS TUF GAMING B650-PLUS WIFI] Registering RGB controller
2198  |Info:    [ASUS TUF Gaming K3] Registering RGB controller
2209  |Info:    [Glorious Model O / O-] Registering RGB controller
2209  |Info:    ------------------------------------------------------
2209  |Info:    |            Detecting libusb HID devices            |
2209  |Info:    ------------------------------------------------------
2348  |Info:    ------------------------------------------------------
2348  |Info:    |              Detecting other devices               |
2348  |Info:    ------------------------------------------------------
2362  |Info:    ------------------------------------------------------
2362  |Info:    |                Detection completed                 |
2362  |Info:    ------------------------------------------------------
111387|Info:    Found file: default.orp attempting to validate header
111387|Info:    Valid v4 profile found for default
139965|Info:    Profile loading: Succeeded for ASUS TUF GAMING B650-PLUS WIFI @ HID: /dev/hidraw5
139965|Info:    Profile loading: Succeeded for ASUS TUF Gaming K3 @ HID: /dev/hidraw2
139965|Info:    Profile loading: Succeeded for Glorious Model O / O- @ HID: /dev/hidraw7
189776|Info:    Found file: default.orp attempting to validate header
189776|Info:    Valid v4 profile found for default
