    OpenRGB v0.9+ (1.0rc2)
    Commit:  from 
    Launched: 20251012_174538
====================================================================================================

0     |Info:    [ProfileManager] Found file: default.orp attempting to validate header
0     |Info:    [ProfileManager] Valid v4 profile found for default
52    |Info:    [ResourceManager] Saving detector settings
53    |Info:    [ResourceManager] Initializing HID interfaces: Success
53    |Info:    ------------------------------------------------------
53    |Info:    |               Start device detection               |
53    |Info:    ------------------------------------------------------
64    |Info:    ------------------------------------------------------
64    |Info:    |             Detecting I2C interfaces               |
64    |Info:    ------------------------------------------------------
64    |Info:    [ResourceManager] Registering I2C interface: /dev/i2c-3 Device 1002:7550 Subsystem: 1EAE:8811
64    |Info:    [ResourceManager] Registering I2C interface: /dev/i2c-10 Device 1002:164E Subsystem: 1043:8877
64    |Info:    [ResourceManager] Registering I2C interface: /dev/i2c-1 Device 1002:7550 Subsystem: 1EAE:8811
64    |Warning: [i2c_smbus_linux] Failed to read i2c device PCI device ID
64    |Info:    [ResourceManager] Registering I2C interface: /dev/i2c-8 Device 0000:0000 Subsystem: 0000:0000
64    |Info:    [ResourceManager] Registering I2C interface: /dev/i2c-15 Device 1022:790B Subsystem: 1043:8877
64    |Info:    [ResourceManager] Registering I2C interface: /dev/i2c-6 Device 1002:7550 Subsystem: 1EAE:8811
64    |Info:    [ResourceManager] Registering I2C interface: /dev/i2c-13 Device 1022:790B Subsystem: 1043:8877
64    |Info:    [ResourceManager] Registering I2C interface: /dev/i2c-4 Device 1002:7550 Subsystem: 1EAE:8811
64    |Info:    [ResourceManager] Registering I2C interface: /dev/i2c-11 Device 1002:164E Subsystem: 1043:8877
64    |Info:    [ResourceManager] Registering I2C interface: /dev/i2c-2 Device 1002:7550 Subsystem: 1EAE:8811
64    |Info:    [ResourceManager] Registering I2C interface: /dev/i2c-0 Device 0000:0000 Subsystem: 0000:0000
64    |Warning: [i2c_smbus_linux] Failed to read i2c device PCI device ID
64    |Info:    [ResourceManager] Registering I2C interface: /dev/i2c-9 Device 0000:0000 Subsystem: 0000:0000
64    |Warning: [i2c_smbus_linux] Failed to read i2c device PCI device ID
65    |Info:    [ResourceManager] Registering I2C interface: /dev/i2c-7 Device 0000:0000 Subsystem: 0000:0000
65    |Info:    [ResourceManager] Registering I2C interface: /dev/i2c-14 Device 1022:790B Subsystem: 1043:8877
65    |Info:    [ResourceManager] Registering I2C interface: /dev/i2c-5 Device 1002:7550 Subsystem: 1EAE:8811
65    |Warning: [i2c_smbus_linux] Failed to read i2c device PCI device ID
65    |Info:    [ResourceManager] Registering I2C interface: /dev/i2c-12 Device 0000:0000 Subsystem: 0000:0000
65    |Info:    ------------------------------------------------------
65    |Info:    |               Detecting I2C devices                |
65    |Info:    ------------------------------------------------------
1090  |Info:    ------------------------------------------------------
1090  |Info:    |            Detecting I2C DIMM modules              |
1090  |Info:    ------------------------------------------------------
1829  |Info:    [ResourceManager] Detected occupied slot 2, bus 6, type DDR5
2526  |Info:    [ResourceManager] Detected occupied slot 4, bus 6, type DDR5
2591  |Info:    ------------------------------------------------------
2591  |Info:    |               Detecting I2C PCI devices            |
2591  |Info:    ------------------------------------------------------
2591  |Info:    ------------------------------------------------------
2591  |Info:    |               Detecting HID devices                |
2591  |Info:    ------------------------------------------------------
2678  |Info:    [ASUS TUF GAMING B650-PLUS WIFI] Registering RGB controller
2690  |Info:    [Glorious Model O / O-] Registering RGB controller
2690  |Info:    ------------------------------------------------------
2690  |Info:    |            Detecting libusb HID devices            |
2690  |Info:    ------------------------------------------------------
2767  |Info:    ------------------------------------------------------
2767  |Info:    |              Detecting other devices               |
2767  |Info:    ------------------------------------------------------
2784  |Info:    [ResourceManager] Calling Post-detection callbacks
2784  |Info:    ------------------------------------------------------
2784  |Info:    |                Detection completed                 |
2784  |Info:    ------------------------------------------------------
