    OpenRGB v0.9
    Commit:  from 
    Launched: 20240727_181949
====================================================================================================

0     |Info:    Found file: default.orp attempting to validate header
0     |Info:    Valid v4 profile found for default
1012  |Info:    ------------------------------------------------------
1012  |Info:    |               Start device detection               |
1012  |Info:    ------------------------------------------------------
1012  |Info:    Initializing HID interfaces: Success
1016  |Info:    ------------------------------------------------------
1016  |Info:    |             Detecting I2C interfaces               |
1016  |Info:    ------------------------------------------------------
1016  |Info:    Registering I2C interface: /dev/i2c-3 Device 10DE:2786 Subsystem: 1462:5137
1016  |Info:    Registering I2C interface: /dev/i2c-1 Device 10DE:2786 Subsystem: 1462:5137
1016  |Info:    Registering I2C interface: /dev/i2c-8 Device 1022:790B Subsystem: 1043:8877
1016  |Info:    Registering I2C interface: /dev/i2c-6 Device 1022:790B Subsystem: 1043:8877
1016  |Info:    Registering I2C interface: /dev/i2c-4 Device 10DE:2786 Subsystem: 1462:5137
1016  |Info:    Registering I2C interface: /dev/i2c-2 Device 10DE:2786 Subsystem: 1462:5137
1016  |Info:    Registering I2C interface: /dev/i2c-0 Device 0000:0000 Subsystem: 0000:0000
1016  |Info:    Registering I2C interface: /dev/i2c-7 Device 1022:790B Subsystem: 1043:8877
1016  |Info:    Registering I2C interface: /dev/i2c-5 Device 10DE:2786 Subsystem: 1462:5137
1016  |Info:    ------------------------------------------------------
1016  |Info:    |               Detecting I2C devices                |
1016  |Info:    ------------------------------------------------------
2055  |Info:    ------------------------------------------------------
2055  |Info:    |               Detecting I2C PCI devices            |
2055  |Info:    ------------------------------------------------------
2056  |Info:    ------------------------------------------------------
2056  |Info:    |               Detecting HID devices                |
2056  |Info:    ------------------------------------------------------
2140  |Info:    [ASUS TUF GAMING B650-PLUS WIFI] Registering RGB controller
2200  |Info:    [ASUS TUF Gaming K3] Registering RGB controller
2211  |Info:    [Glorious Model O / O-] Registering RGB controller
2211  |Info:    ------------------------------------------------------
2211  |Info:    |            Detecting libusb HID devices            |
2211  |Info:    ------------------------------------------------------
2349  |Info:    ------------------------------------------------------
2349  |Info:    |              Detecting other devices               |
2349  |Info:    ------------------------------------------------------
2363  |Info:    ------------------------------------------------------
2363  |Info:    |                Detection completed                 |
2363  |Info:    ------------------------------------------------------
