    OpenRGB v0.9
    Commit:  from 
    Launched: 20240621_174834
====================================================================================================

0     |Info:    Found file: default.orp attempting to validate header
0     |Info:    Valid v4 profile found for default
1012  |Info:    ------------------------------------------------------
1012  |Info:    |               Start device detection               |
1012  |Info:    ------------------------------------------------------
1012  |Info:    Initializing HID interfaces: Success
1017  |Info:    ------------------------------------------------------
1017  |Info:    |             Detecting I2C interfaces               |
1017  |Info:    ------------------------------------------------------
1017  |Info:    Registering I2C interface: /dev/i2c-3 Device 10DE:2786 Subsystem: 1462:5137
1017  |Info:    Registering I2C interface: /dev/i2c-1 Device 10DE:2786 Subsystem: 1462:5137
1017  |Info:    Registering I2C interface: /dev/i2c-8 Device 1022:790B Subsystem: 1043:8877
1017  |Info:    Registering I2C interface: /dev/i2c-6 Device 1022:790B Subsystem: 1043:8877
1017  |Info:    Registering I2C interface: /dev/i2c-4 Device 10DE:2786 Subsystem: 1462:5137
1017  |Info:    Registering I2C interface: /dev/i2c-2 Device 10DE:2786 Subsystem: 1462:5137
1017  |Info:    Registering I2C interface: /dev/i2c-0 Device 0000:0000 Subsystem: 0000:0000
1017  |Info:    Registering I2C interface: /dev/i2c-7 Device 1022:790B Subsystem: 1043:8877
1017  |Info:    Registering I2C interface: /dev/i2c-5 Device 10DE:2786 Subsystem: 1462:5137
1017  |Info:    ------------------------------------------------------
1017  |Info:    |               Detecting I2C devices                |
1017  |Info:    ------------------------------------------------------
2055  |Info:    ------------------------------------------------------
2055  |Info:    |               Detecting I2C PCI devices            |
2055  |Info:    ------------------------------------------------------
2056  |Info:    ------------------------------------------------------
2056  |Info:    |               Detecting HID devices                |
2056  |Info:    ------------------------------------------------------
2144  |Info:    [ASUS TUF GAMING B650-PLUS WIFI] Registering RGB controller
2202  |Info:    [ASUS TUF Gaming K3] Registering RGB controller
2213  |Info:    [Glorious Model O / O-] Registering RGB controller
2213  |Info:    ------------------------------------------------------
2213  |Info:    |            Detecting libusb HID devices            |
2213  |Info:    ------------------------------------------------------
2353  |Info:    ------------------------------------------------------
2353  |Info:    |              Detecting other devices               |
2353  |Info:    ------------------------------------------------------
2368  |Info:    ------------------------------------------------------
2368  |Info:    |                Detection completed                 |
2368  |Info:    ------------------------------------------------------
5037  |Info:    Profile loading: Succeeded for ASUS TUF GAMING B650-PLUS WIFI @ HID: /dev/hidraw0
5037  |Info:    Profile loading: Succeeded for ASUS TUF Gaming K3 @ HID: /dev/hidraw3
5037  |Info:    Profile loading: Succeeded for Glorious Model O / O- @ HID: /dev/hidraw5
